<?xml version="1.0" encoding="UTF-8"?>
<testng-results ignored="0" total="1" passed="1" failed="0" skipped="0">
  <reporter-output>
  </reporter-output>
  <suite started-at="2024-11-29T16:32:44 IST" name="Default suite" finished-at="2024-11-29T16:32:44 IST" duration-ms="60">
    <groups>
    </groups>
    <test started-at="2024-11-29T16:32:44 IST" name="Default test" finished-at="2024-11-29T16:32:44 IST" duration-ms="60">
      <class name="sample1.D4">
        <test-method signature="abc()[pri:0, instance:sample1.D4@702b8b12]" started-at="2024-11-29T16:32:44 IST" name="abc" finished-at="2024-11-29T16:32:44 IST" duration-ms="16" status="PASS">
          <reporter-output>
          </reporter-output>
        </test-method> <!-- abc -->
      </class> <!-- sample1.D4 -->
    </test> <!-- Default test -->
  </suite> <!-- Default suite -->
</testng-results>
